Using pre-set license
Built from '2020.2/release' branch; Version is '2020.2.2f1 (068178b99f32) revision 426360'; Using compiler version '192528614'; Build Type 'Release'
OS: 'Windows 10 Home; OS build 19041.746; Version 2004; 64bit' Language: 'es' Physical Memory: 16300 MB
BatchMode: 1, IsHumanControllingUs: 0, StartBugReporterOnCrash: 0, Is64bit: 1, IsPro: 0

 COMMAND LINE ARGUMENTS:
C:\Program Files\Unity\Hub\Editor\2020.2.2f1\Editor\Unity.exe
-adb2
-batchMode
-noUpm
-name
AssetImportWorker0
-projectPath
D:/Proyectos/Unity/WCW
-logFile
Logs/AssetImportWorker0.log
-srvPort
52227
Successfully changed project path to: D:/Proyectos/Unity/WCW
D:/Proyectos/Unity/WCW
Using Asset Import Pipeline V2.
Refreshing native plugins compatible for Editor in 47.97 ms, found 0 plugins.
Preloading 0 native plugins for Editor in 0.00 ms.
Initialize engine version: 2020.2.2f1 (068178b99f32)
[Subsystems] Discovering subsystems at path C:/Program Files/Unity/Hub/Editor/2020.2.2f1/Editor/Data/Resources/UnitySubsystems
[Subsystems] Discovering subsystems at path D:/Proyectos/Unity/WCW/Assets
GfxDevice: creating device client; threaded=0
Direct3D:
    Version:  Direct3D 11.0 [level 11.0]
    Renderer: NVIDIA GeForce GTX 870M (ID=0x1199)
    Vendor:   
    VRAM:     6097 MB
    Driver:   25.21.14.2531
Shader 'Universal Render Pipeline/Particles/Lit': fallback shader 'Universal Render Pipeline/Particles/SimpleLit' not found
Initialize mono
Mono path[0] = 'C:/Program Files/Unity/Hub/Editor/2020.2.2f1/Editor/Data/Managed'
Mono path[1] = 'C:/Program Files/Unity/Hub/Editor/2020.2.2f1/Editor/Data/MonoBleedingEdge/lib/mono/unityjit'
Mono config path = 'C:/Program Files/Unity/Hub/Editor/2020.2.2f1/Editor/Data/MonoBleedingEdge/etc'
Using monoOptions --debugger-agent=transport=dt_socket,embedding=1,server=y,suspend=n,address=127.0.0.1:56428
Begin MonoManager ReloadAssembly
Registering precompiled unity dll's ...
Register platform support module: C:/Program Files/Unity/Hub/Editor/2020.2.2f1/Editor/Data/PlaybackEngines/WindowsStandaloneSupport/UnityEditor.WindowsStandalone.Extensions.dll
Registered in 0.002171 seconds.
Native extension for WindowsStandalone target not found
Refreshing native plugins compatible for Editor in 47.63 ms, found 0 plugins.
Preloading 0 native plugins for Editor in 0.00 ms.
Invoked RoslynAnalysisRunner static constructor.
RoslynAnalysisRunner will not be running.
RoslynAnalysisRunner has terminated.
Mono: successfully reloaded assembly
- Completed reload, in  1.290 seconds
Platform modules already initialized, skipping
Registering precompiled user dll's ...
Registered in 0.001122 seconds.
Begin MonoManager ReloadAssembly
Native extension for WindowsStandalone target not found
Refreshing native plugins compatible for Editor in 51.41 ms, found 0 plugins.
Preloading 0 native plugins for Editor in 0.00 ms.
Invoked RoslynAnalysisRunner static constructor.
RoslynAnalysisRunner will not be running.
RoslynAnalysisRunner has terminated.
Mono: successfully reloaded assembly
- Completed reload, in  1.081 seconds
Platform modules already initialized, skipping
========================================================================
Worker process is ready to serve import requests
Shader 'Universal Render Pipeline/Particles/Lit': fallback shader 'Universal Render Pipeline/Particles/SimpleLit' not found
Launched and connected shader compiler UnityShaderCompiler.exe after 0.05 seconds
Refreshing native plugins compatible for Editor in 0.65 ms, found 0 plugins.
Preloading 0 native plugins for Editor in 0.00 ms.
Unloading 2287 Unused Serialized files (Serialized files now loaded: 0)
System memory in use before: 105.5 MB.
System memory in use after: 105.7 MB.

Unloading 9 unused Assets to reduce memory usage. Loaded Objects now: 2728.
Total: 3.867000 ms (FindLiveObjects: 0.582000 ms CreateObjectMapping: 0.272700 ms MarkObjects: 2.911500 ms  DeleteObjects: 0.099600 ms)

========================================================================
Received Import Request.
  path: Assets/URP/UniversalRenderPipelineAsset.asset
  artifactKey: Guid(51701e2bf557e3849920915063bb9449) Importer(815301076,1909f56bfc062723c751e8b465ee728b)
Start importing Assets/URP/UniversalRenderPipelineAsset.asset using Guid(51701e2bf557e3849920915063bb9449) Importer(815301076,1909f56bfc062723c751e8b465ee728b)  -> (artifact id: '5e685735f02802607fc3706459043860') in 0.070786 seconds
  Import took 0.077622 seconds .

========================================================================
Received Import Request.
  Time since last request: 0.000999 seconds.
  path: Assets/URP/UniversalRenderPipelineAsset_Renderer.asset
  artifactKey: Guid(826a62bc2561d694688da6c0410e9502) Importer(815301076,1909f56bfc062723c751e8b465ee728b)
Start importing Assets/URP/UniversalRenderPipelineAsset_Renderer.asset using Guid(826a62bc2561d694688da6c0410e9502) Importer(815301076,1909f56bfc062723c751e8b465ee728b)  -> (artifact id: '6c2e1cc9542e0ff8b950035913297a65') in 0.027170 seconds
  Import took 0.037979 seconds .

========================================================================
Received Prepare
Switching render pipeline 00000000000000000000000000000000 -> 51701e2bf557e3849920915063bb9449
Shader 'Universal Render Pipeline/Particles/Lit': fallback shader 'Universal Render Pipeline/Particles/SimpleLit' not found
Refreshing native plugins compatible for Editor in 0.85 ms, found 0 plugins.
Preloading 0 native plugins for Editor in 0.00 ms.
Unloading 51 Unused Serialized files (Serialized files now loaded: 0)
System memory in use before: 62.1 MB.
System memory in use after: 62.3 MB.

Unloading 3 unused Assets to reduce memory usage. Loaded Objects now: 2776.
Total: 3.013600 ms (FindLiveObjects: 0.440900 ms CreateObjectMapping: 0.109900 ms MarkObjects: 2.371200 ms  DeleteObjects: 0.090500 ms)

========================================================================
Received Import Request.
  Time since last request: 32.082379 seconds.
  path: Assets/Materials/Wood.mat
  artifactKey: Guid(9c2d2b3c628a847448ec913a86fc129a) Importer(815301076,1909f56bfc062723c751e8b465ee728b)
Start importing Assets/Materials/Wood.mat using Guid(9c2d2b3c628a847448ec913a86fc129a) Importer(815301076,1909f56bfc062723c751e8b465ee728b)  -> (artifact id: 'f7d309aabf28da5a79b37455a0681d78') in 0.699627 seconds
  Import took 0.704237 seconds .

========================================================================
Received Import Request.
  Time since last request: 1141.329076 seconds.
  path: Assets/Materials
  artifactKey: Guid(9a2e050a25126bc44bbd7b5b859159e2) Importer(815301076,1909f56bfc062723c751e8b465ee728b)
Start importing Assets/Materials using Guid(9a2e050a25126bc44bbd7b5b859159e2) Importer(815301076,1909f56bfc062723c751e8b465ee728b)  -> (artifact id: 'f5a7bd4df799d6176f35439b89aa2be0') in 0.011429 seconds
  Import took 0.017030 seconds .

========================================================================
Received Import Request.
  Time since last request: 0.000848 seconds.
  path: Assets/Materials
  artifactKey: Guid(9a2e050a25126bc44bbd7b5b859159e2) Importer(815301076,1909f56bfc062723c751e8b465ee728b)
Start importing Assets/Materials using Guid(9a2e050a25126bc44bbd7b5b859159e2) Importer(815301076,1909f56bfc062723c751e8b465ee728b)  -> (artifact id: 'f5a7bd4df799d6176f35439b89aa2be0') in 0.005032 seconds
  Import took 0.010339 seconds .

========================================================================
Received Import Request.
  Time since last request: 7.614872 seconds.
  path: Assets/Materials/Prototyping 1.mat
  artifactKey: Guid(9c2d2b3c628a847448ec913a86fc129a) Importer(815301076,1909f56bfc062723c751e8b465ee728b)
Start importing Assets/Materials/Prototyping 1.mat using Guid(9c2d2b3c628a847448ec913a86fc129a) Importer(815301076,1909f56bfc062723c751e8b465ee728b)  -> (artifact id: 'f4fdfe1bf4a2c2df22de351252278fda') in 0.023529 seconds
  Import took 0.028795 seconds .

========================================================================
Received Import Request.
  Time since last request: 372.265860 seconds.
  path: Assets
  artifactKey: Guid(00000000000000001000000000000000) Importer(815301076,1909f56bfc062723c751e8b465ee728b)
Start importing Assets using Guid(00000000000000001000000000000000) Importer(815301076,1909f56bfc062723c751e8b465ee728b)  -> (artifact id: '4a6e520b92ccfc61bcfa21a7bcab8468') in 0.006369 seconds
  Import took 0.011253 seconds .

========================================================================
Received Import Request.
  Time since last request: 0.007003 seconds.
  path: Assets
  artifactKey: Guid(00000000000000001000000000000000) Importer(815301076,1909f56bfc062723c751e8b465ee728b)
Start importing Assets using Guid(00000000000000001000000000000000) Importer(815301076,1909f56bfc062723c751e8b465ee728b)  -> (artifact id: '4a6e520b92ccfc61bcfa21a7bcab8468') in 0.002280 seconds
  Import took 0.007446 seconds .

========================================================================
Received Prepare
Registering precompiled user dll's ...
Registered in 0.002399 seconds.
Begin MonoManager ReloadAssembly
Native extension for WindowsStandalone target not found
Refreshing native plugins compatible for Editor in 0.54 ms, found 0 plugins.
Preloading 0 native plugins for Editor in 0.00 ms.
Invoked RoslynAnalysisRunner static constructor.
RoslynAnalysisRunner will not be running.
RoslynAnalysisRunner has terminated.
Mono: successfully reloaded assembly
- Completed reload, in  1.060 seconds
Platform modules already initialized, skipping
Shader 'Universal Render Pipeline/Particles/Lit': fallback shader 'Universal Render Pipeline/Particles/SimpleLit' not found
Refreshing native plugins compatible for Editor in 0.42 ms, found 0 plugins.
Preloading 0 native plugins for Editor in 0.00 ms.
Unloading 2227 Unused Serialized files (Serialized files now loaded: 0)
System memory in use before: 110.3 MB.
System memory in use after: 110.5 MB.

Unloading 5 unused Assets to reduce memory usage. Loaded Objects now: 2856.
Total: 2.995500 ms (FindLiveObjects: 0.386200 ms CreateObjectMapping: 0.249000 ms MarkObjects: 2.242300 ms  DeleteObjects: 0.116200 ms)

========================================================================
Received Import Request.
  Time since last request: 6.545066 seconds.
  path: Assets/_Scripts
  artifactKey: Guid(4be594e8a019bfe49b979d6b786aea7e) Importer(815301076,1909f56bfc062723c751e8b465ee728b)
Start importing Assets/_Scripts using Guid(4be594e8a019bfe49b979d6b786aea7e) Importer(815301076,1909f56bfc062723c751e8b465ee728b)  -> (artifact id: 'b3a64c62954bfd5e3d942185727b4482') in 0.009546 seconds
  Import took 0.014401 seconds .

========================================================================
Received Import Request.
  Time since last request: 9.927451 seconds.
  path: Assets/_Scripts/DummyController.cs
  artifactKey: Guid(e67b0d86d57662b4b9d8b92c6541b881) Importer(815301076,1909f56bfc062723c751e8b465ee728b)
Start importing Assets/_Scripts/DummyController.cs using Guid(e67b0d86d57662b4b9d8b92c6541b881) Importer(815301076,1909f56bfc062723c751e8b465ee728b)  -> (artifact id: '65ba733cc686b491a7fbf605750fbd61') in 0.012589 seconds
  Import took 0.018237 seconds .

========================================================================
Received Prepare
Registering precompiled user dll's ...
Registered in 0.001258 seconds.
Begin MonoManager ReloadAssembly
Native extension for WindowsStandalone target not found
Refreshing native plugins compatible for Editor in 0.39 ms, found 0 plugins.
Preloading 0 native plugins for Editor in 0.00 ms.
Invoked RoslynAnalysisRunner static constructor.
RoslynAnalysisRunner will not be running.
RoslynAnalysisRunner has terminated.
Mono: successfully reloaded assembly
- Completed reload, in  0.966 seconds
Platform modules already initialized, skipping
Shader 'Universal Render Pipeline/Particles/Lit': fallback shader 'Universal Render Pipeline/Particles/SimpleLit' not found
Refreshing native plugins compatible for Editor in 0.40 ms, found 0 plugins.
Preloading 0 native plugins for Editor in 0.00 ms.
Unloading 2228 Unused Serialized files (Serialized files now loaded: 0)
System memory in use before: 111.4 MB.
System memory in use after: 111.5 MB.

Unloading 5 unused Assets to reduce memory usage. Loaded Objects now: 2859.
Total: 4.607500 ms (FindLiveObjects: 0.402800 ms CreateObjectMapping: 0.291300 ms MarkObjects: 3.809300 ms  DeleteObjects: 0.102300 ms)

========================================================================
Received Prepare
Registering precompiled user dll's ...
Registered in 0.001058 seconds.
Begin MonoManager ReloadAssembly
Native extension for WindowsStandalone target not found
Refreshing native plugins compatible for Editor in 0.39 ms, found 0 plugins.
Preloading 0 native plugins for Editor in 0.00 ms.
Invoked RoslynAnalysisRunner static constructor.
RoslynAnalysisRunner will not be running.
RoslynAnalysisRunner has terminated.
Mono: successfully reloaded assembly
- Completed reload, in  1.030 seconds
Platform modules already initialized, skipping
Shader 'Universal Render Pipeline/Particles/Lit': fallback shader 'Universal Render Pipeline/Particles/SimpleLit' not found
Refreshing native plugins compatible for Editor in 0.40 ms, found 0 plugins.
Preloading 0 native plugins for Editor in 0.00 ms.
Unloading 2228 Unused Serialized files (Serialized files now loaded: 0)
System memory in use before: 111.9 MB.
System memory in use after: 112.1 MB.

Unloading 6 unused Assets to reduce memory usage. Loaded Objects now: 2861.
Total: 2.641400 ms (FindLiveObjects: 0.279900 ms CreateObjectMapping: 0.100400 ms MarkObjects: 2.174800 ms  DeleteObjects: 0.084500 ms)

========================================================================
Received Import Request.
  Time since last request: 160.824468 seconds.
  path: Assets/_Scripts/ApplyForce.cs
  artifactKey: Guid(86cabce8e4bdbcc4c80fefc1760890a1) Importer(815301076,1909f56bfc062723c751e8b465ee728b)
Start importing Assets/_Scripts/ApplyForce.cs using Guid(86cabce8e4bdbcc4c80fefc1760890a1) Importer(815301076,1909f56bfc062723c751e8b465ee728b)  -> (artifact id: '8cdba53c21b938face13d3e9a9f28517') in 0.012716 seconds
  Import took 0.017403 seconds .

========================================================================
Received Import Request.
  Time since last request: 3.137948 seconds.
  path: Assets/_Scripts/DummyController.cs
  artifactKey: Guid(86cabce8e4bdbcc4c80fefc1760890a1) Importer(815301076,1909f56bfc062723c751e8b465ee728b)
Start importing Assets/_Scripts/DummyController.cs using Guid(86cabce8e4bdbcc4c80fefc1760890a1) Importer(815301076,1909f56bfc062723c751e8b465ee728b)  -> (artifact id: '07cf00849b9979fc9859c7e6dca93015') in 0.002740 seconds
  Import took 0.007709 seconds .

========================================================================
Received Prepare
Registering precompiled user dll's ...
Registered in 0.001142 seconds.
Begin MonoManager ReloadAssembly
Native extension for WindowsStandalone target not found
Refreshing native plugins compatible for Editor in 0.42 ms, found 0 plugins.
Preloading 0 native plugins for Editor in 0.00 ms.
Invoked RoslynAnalysisRunner static constructor.
RoslynAnalysisRunner will not be running.
RoslynAnalysisRunner has terminated.
Mono: successfully reloaded assembly
- Completed reload, in  1.373 seconds
Platform modules already initialized, skipping
Shader 'Universal Render Pipeline/Particles/Lit': fallback shader 'Universal Render Pipeline/Particles/SimpleLit' not found
Refreshing native plugins compatible for Editor in 0.46 ms, found 0 plugins.
Preloading 0 native plugins for Editor in 0.00 ms.
Unloading 2228 Unused Serialized files (Serialized files now loaded: 0)
System memory in use before: 111.4 MB.
System memory in use after: 111.6 MB.

Unloading 5 unused Assets to reduce memory usage. Loaded Objects now: 2863.
Total: 2.478200 ms (FindLiveObjects: 0.329900 ms CreateObjectMapping: 0.213800 ms MarkObjects: 1.837000 ms  DeleteObjects: 0.096100 ms)

========================================================================
Received Prepare
Registering precompiled user dll's ...
Registered in 0.001284 seconds.
Begin MonoManager ReloadAssembly
Native extension for WindowsStandalone target not found
Refreshing native plugins compatible for Editor in 0.46 ms, found 0 plugins.
Preloading 0 native plugins for Editor in 0.00 ms.
Invoked RoslynAnalysisRunner static constructor.
RoslynAnalysisRunner will not be running.
RoslynAnalysisRunner has terminated.
Mono: successfully reloaded assembly
- Completed reload, in  1.022 seconds
Platform modules already initialized, skipping
Shader 'Universal Render Pipeline/Particles/Lit': fallback shader 'Universal Render Pipeline/Particles/SimpleLit' not found
Refreshing native plugins compatible for Editor in 0.42 ms, found 0 plugins.
Preloading 0 native plugins for Editor in 0.00 ms.
Unloading 2228 Unused Serialized files (Serialized files now loaded: 0)
System memory in use before: 110.8 MB.
System memory in use after: 111.0 MB.

Unloading 5 unused Assets to reduce memory usage. Loaded Objects now: 2865.
Total: 2.657000 ms (FindLiveObjects: 0.475600 ms CreateObjectMapping: 0.221600 ms MarkObjects: 1.865600 ms  DeleteObjects: 0.083000 ms)

========================================================================
Received Prepare
Registering precompiled user dll's ...
Registered in 0.001662 seconds.
Begin MonoManager ReloadAssembly
Native extension for WindowsStandalone target not found
Refreshing native plugins compatible for Editor in 0.43 ms, found 0 plugins.
Preloading 0 native plugins for Editor in 0.00 ms.
Invoked RoslynAnalysisRunner static constructor.
RoslynAnalysisRunner will not be running.
RoslynAnalysisRunner has terminated.
Mono: successfully reloaded assembly
- Completed reload, in  0.994 seconds
Platform modules already initialized, skipping
Shader 'Universal Render Pipeline/Particles/Lit': fallback shader 'Universal Render Pipeline/Particles/SimpleLit' not found
Refreshing native plugins compatible for Editor in 0.42 ms, found 0 plugins.
Preloading 0 native plugins for Editor in 0.00 ms.
Unloading 2228 Unused Serialized files (Serialized files now loaded: 0)
System memory in use before: 111.4 MB.
System memory in use after: 111.6 MB.

Unloading 5 unused Assets to reduce memory usage. Loaded Objects now: 2867.
Total: 4.306200 ms (FindLiveObjects: 1.060700 ms CreateObjectMapping: 0.632200 ms MarkObjects: 2.536400 ms  DeleteObjects: 0.074400 ms)

========================================================================
Received Prepare
Registering precompiled user dll's ...
Registered in 0.001112 seconds.
Begin MonoManager ReloadAssembly
Native extension for WindowsStandalone target not found
Refreshing native plugins compatible for Editor in 0.38 ms, found 0 plugins.
Preloading 0 native plugins for Editor in 0.00 ms.
Invoked RoslynAnalysisRunner static constructor.
RoslynAnalysisRunner will not be running.
RoslynAnalysisRunner has terminated.
Mono: successfully reloaded assembly
- Completed reload, in  1.006 seconds
Platform modules already initialized, skipping
Shader 'Universal Render Pipeline/Particles/Lit': fallback shader 'Universal Render Pipeline/Particles/SimpleLit' not found
Refreshing native plugins compatible for Editor in 0.41 ms, found 0 plugins.
Preloading 0 native plugins for Editor in 0.00 ms.
Unloading 2228 Unused Serialized files (Serialized files now loaded: 0)
System memory in use before: 111.0 MB.
System memory in use after: 111.2 MB.

Unloading 5 unused Assets to reduce memory usage. Loaded Objects now: 2869.
Total: 2.667900 ms (FindLiveObjects: 0.327200 ms CreateObjectMapping: 0.142400 ms MarkObjects: 2.109200 ms  DeleteObjects: 0.087200 ms)

========================================================================
Received Prepare
Registering precompiled user dll's ...
Registered in 0.001062 seconds.
Begin MonoManager ReloadAssembly
Native extension for WindowsStandalone target not found
Refreshing native plugins compatible for Editor in 0.43 ms, found 0 plugins.
Preloading 0 native plugins for Editor in 0.00 ms.
Invoked RoslynAnalysisRunner static constructor.
RoslynAnalysisRunner will not be running.
RoslynAnalysisRunner has terminated.
Mono: successfully reloaded assembly
- Completed reload, in  0.984 seconds
Platform modules already initialized, skipping
Shader 'Universal Render Pipeline/Particles/Lit': fallback shader 'Universal Render Pipeline/Particles/SimpleLit' not found
Refreshing native plugins compatible for Editor in 0.49 ms, found 0 plugins.
Preloading 0 native plugins for Editor in 0.00 ms.
Unloading 2228 Unused Serialized files (Serialized files now loaded: 0)
System memory in use before: 111.4 MB.
System memory in use after: 111.6 MB.

Unloading 5 unused Assets to reduce memory usage. Loaded Objects now: 2871.
Total: 2.846800 ms (FindLiveObjects: 0.556800 ms CreateObjectMapping: 0.152200 ms MarkObjects: 2.022700 ms  DeleteObjects: 0.113500 ms)

========================================================================
Received Prepare
Registering precompiled user dll's ...
Registered in 0.001224 seconds.
Begin MonoManager ReloadAssembly
Native extension for WindowsStandalone target not found
Refreshing native plugins compatible for Editor in 0.46 ms, found 0 plugins.
Preloading 0 native plugins for Editor in 0.00 ms.
Invoked RoslynAnalysisRunner static constructor.
RoslynAnalysisRunner will not be running.
RoslynAnalysisRunner has terminated.
Mono: successfully reloaded assembly
- Completed reload, in  1.051 seconds
Platform modules already initialized, skipping
Shader 'Universal Render Pipeline/Particles/Lit': fallback shader 'Universal Render Pipeline/Particles/SimpleLit' not found
Refreshing native plugins compatible for Editor in 0.49 ms, found 0 plugins.
Preloading 0 native plugins for Editor in 0.00 ms.
Unloading 2228 Unused Serialized files (Serialized files now loaded: 0)
System memory in use before: 111.0 MB.
System memory in use after: 111.2 MB.

Unloading 5 unused Assets to reduce memory usage. Loaded Objects now: 2873.
Total: 3.434000 ms (FindLiveObjects: 0.338500 ms CreateObjectMapping: 0.243600 ms MarkObjects: 2.782300 ms  DeleteObjects: 0.067800 ms)

========================================================================
Received Prepare
Registering precompiled user dll's ...
Registered in 0.001071 seconds.
Begin MonoManager ReloadAssembly
Native extension for WindowsStandalone target not found
Refreshing native plugins compatible for Editor in 0.42 ms, found 0 plugins.
Preloading 0 native plugins for Editor in 0.00 ms.
Invoked RoslynAnalysisRunner static constructor.
RoslynAnalysisRunner will not be running.
RoslynAnalysisRunner has terminated.
Mono: successfully reloaded assembly
- Completed reload, in  1.044 seconds
Platform modules already initialized, skipping
Shader 'Universal Render Pipeline/Particles/Lit': fallback shader 'Universal Render Pipeline/Particles/SimpleLit' not found
Refreshing native plugins compatible for Editor in 0.51 ms, found 0 plugins.
Preloading 0 native plugins for Editor in 0.00 ms.
Unloading 2228 Unused Serialized files (Serialized files now loaded: 0)
System memory in use before: 111.3 MB.
System memory in use after: 111.5 MB.

Unloading 5 unused Assets to reduce memory usage. Loaded Objects now: 2875.
Total: 3.099200 ms (FindLiveObjects: 0.273400 ms CreateObjectMapping: 0.119400 ms MarkObjects: 2.631600 ms  DeleteObjects: 0.073200 ms)

========================================================================
Received Prepare
Registering precompiled user dll's ...
Registered in 0.001029 seconds.
Begin MonoManager ReloadAssembly
Native extension for WindowsStandalone target not found
Refreshing native plugins compatible for Editor in 0.45 ms, found 0 plugins.
Preloading 0 native plugins for Editor in 0.00 ms.
Invoked RoslynAnalysisRunner static constructor.
RoslynAnalysisRunner will not be running.
RoslynAnalysisRunner has terminated.
Mono: successfully reloaded assembly
- Completed reload, in  1.005 seconds
Platform modules already initialized, skipping
Shader 'Universal Render Pipeline/Particles/Lit': fallback shader 'Universal Render Pipeline/Particles/SimpleLit' not found
Refreshing native plugins compatible for Editor in 0.46 ms, found 0 plugins.
Preloading 0 native plugins for Editor in 0.00 ms.
Unloading 2228 Unused Serialized files (Serialized files now loaded: 0)
System memory in use before: 111.0 MB.
System memory in use after: 111.2 MB.

Unloading 5 unused Assets to reduce memory usage. Loaded Objects now: 2877.
Total: 3.245500 ms (FindLiveObjects: 0.887400 ms CreateObjectMapping: 0.243100 ms MarkObjects: 2.045300 ms  DeleteObjects: 0.067100 ms)

========================================================================
Received Import Request.
  Time since last request: 773.798851 seconds.
  path: ProjectSettings/TagManager.asset
  artifactKey: Guid(00000000000000003000000000000000) Importer(815301076,1909f56bfc062723c751e8b465ee728b)
Start importing ProjectSettings/TagManager.asset using Guid(00000000000000003000000000000000) Importer(815301076,1909f56bfc062723c751e8b465ee728b)  -> (artifact id: '2556d6f652647ee1a1d99886c29ddc65') in 0.024843 seconds
  Import took 0.032228 seconds .

========================================================================
Received Prepare
Registering precompiled user dll's ...
Registered in 0.001179 seconds.
Begin MonoManager ReloadAssembly
Native extension for WindowsStandalone target not found
Refreshing native plugins compatible for Editor in 0.56 ms, found 0 plugins.
Preloading 0 native plugins for Editor in 0.00 ms.
Invoked RoslynAnalysisRunner static constructor.
RoslynAnalysisRunner will not be running.
RoslynAnalysisRunner has terminated.
Mono: successfully reloaded assembly
- Completed reload, in  0.998 seconds
Platform modules already initialized, skipping
Shader 'Universal Render Pipeline/Particles/Lit': fallback shader 'Universal Render Pipeline/Particles/SimpleLit' not found
Refreshing native plugins compatible for Editor in 0.43 ms, found 0 plugins.
Preloading 0 native plugins for Editor in 0.00 ms.
Unloading 2228 Unused Serialized files (Serialized files now loaded: 0)
System memory in use before: 111.5 MB.
System memory in use after: 111.6 MB.

Unloading 6 unused Assets to reduce memory usage. Loaded Objects now: 2879.
Total: 2.392000 ms (FindLiveObjects: 0.301400 ms CreateObjectMapping: 0.109600 ms MarkObjects: 1.882700 ms  DeleteObjects: 0.097500 ms)

========================================================================
Received Prepare
Registering precompiled user dll's ...
Registered in 0.002155 seconds.
Begin MonoManager ReloadAssembly
Native extension for WindowsStandalone target not found
Refreshing native plugins compatible for Editor in 0.40 ms, found 0 plugins.
Preloading 0 native plugins for Editor in 0.00 ms.
Invoked RoslynAnalysisRunner static constructor.
RoslynAnalysisRunner will not be running.
RoslynAnalysisRunner has terminated.
Mono: successfully reloaded assembly
- Completed reload, in  0.926 seconds
Platform modules already initialized, skipping
Shader 'Universal Render Pipeline/Particles/Lit': fallback shader 'Universal Render Pipeline/Particles/SimpleLit' not found
Refreshing native plugins compatible for Editor in 0.42 ms, found 0 plugins.
Preloading 0 native plugins for Editor in 0.00 ms.
Unloading 2228 Unused Serialized files (Serialized files now loaded: 0)
System memory in use before: 111.1 MB.
System memory in use after: 111.3 MB.

Unloading 5 unused Assets to reduce memory usage. Loaded Objects now: 2881.
Total: 2.615500 ms (FindLiveObjects: 0.247100 ms CreateObjectMapping: 0.099200 ms MarkObjects: 2.146900 ms  DeleteObjects: 0.121200 ms)

AssetImportWorkerClient::OnTransportError - code=2 error=End of file
